2025-05-30 22:14:18,908 - INFO - {
  "commander_name": "ADDINATOR",
  "event_timestamp": "2025-05-30T22:14:15Z",
  "event_type": "SAASignalsFoundEvent",
  "system_address": 3107241104074,
  "body_id": 13,
  "data": {
    "BodyName": "Khun 5",
    "BodyID": 13,
    "SystemAddress": 3107241104074,
    "Signals": [
      {
        "Type": "$SAA_SignalType_Other;",
        "Type_Localised": "Other",
        "Count": 1
      },
      {
        "Type": "$SAA_SignalType_Geological;",
        "Type_Localised": "Geological",
        "Count": 3
      },
      {
        "Type": "$SAA_SignalType_Human;",
        "Type_Localised": "Human",
        "Count": 16
      }
    ],
    "Genuses": [],
    "Commander": "ADDINATOR"
  }
}
2025-05-30 22:14:19,506 - INFO - {
  "commander_name": "ADDINATOR",
  "event_timestamp": "2025-05-30T22:14:16Z",
  "event_type": "PlanetaryBodyScan",
  "system_address": 3107241104074,
  "body_id": 13,
  "data": {
    "BodyName": "Khun 5",
    "BodyID": 13,
    "SystemAddress": 3107241104074,
    "DistanceFromArrivalLS": 60.551756,
    "Commander": "ADDINATOR",
    "WasDiscovered": false,
    "WasMapped": true,
    "PlanetClass": "High metal content body",
    "TerraformState": "",
    "AtmosphereType": "None",
    "AtmosphereComposition": [],
    "Volcanism": "minor silicate vapour geysers volcanism",
    "MassEM": 1.235741,
    "Radius": 6481364.5,
    "SurfaceGravity": 11.724759,
    "SurfaceTemperature": 467.169464,
    "SurfacePressure": 0.0,
    "Landable": true,
    "Materials": [
      {
        "Name": "iron",
        "Percent": 23.442768
      },
      {
        "Name": "nickel",
        "Percent": 17.731129
      },
      {
        "Name": "sulphur",
        "Percent": 16.614502
      },
      {
        "Name": "carbon",
        "Percent": 13.971075
      },
      {
        "Name": "manganese",
        "Percent": 9.681625
      },
      {
        "Name": "phosphorus",
        "Percent": 8.944523
      },
      {
        "Name": "zirconium",
        "Percent": 2.722189
      },
      {
        "Name": "selenium",
        "Percent": 2.60031
      },
      {
        "Name": "cadmium",
        "Percent": 1.820437
      },
      {
        "Name": "ruthenium",
        "Percent": 1.447741
      },
      {
        "Name": "mercury",
        "Percent": 1.023707
      }
    ],
    "Composition": {
      "Ice": 0.001968,
      "Rock": 0.669097,
      "Metal": 0.328935
    },
    "TidalLock": true,
    "Parents": [
      {
        "Star": 0
      }
    ],
    "SemiMajorAxis": 18150306344.032288,
    "Eccentricity": 0.000153,
    "OrbitalInclination": -0.010661,
    "Periapsis": 276.225226,
    "OrbitalPeriod": 1623205.125332,
    "RotationPeriod": 1626898.637193,
    "AxialTilt": 0.456673
  }
}
2025-05-30 22:14:23,571 - INFO - {
  "type": "api_response",
  "success": true,
  "status_code": 201,
  "response_data": {
    "message": "Data processed and stored successfully",
    "path": "systems/3107241104074/bodies/13"
  }
}
2025-05-30 22:14:24,502 - INFO - {
  "type": "api_response",
  "success": true,
  "status_code": 201,
  "response_data": {
    "message": "Data processed and stored successfully",
    "path": "systems/3107241104074/bodies/13"
  }
}
2025-05-30 23:33:35,815 - INFO - {
  "commander_name": "ADDINATOR",
  "event_timestamp": "2025-05-30T23:33:33Z",
  "event_type": "SystemEntry",
  "system_address": 5856154358474,
  "data": {
    "SystemAddress": 5856154358474,
    "StarSystem": "Cephei Sector GG-Y c21",
    "StarPos": [
      -94.65625,
      3.8125,
      -42.125
    ],
    "WasDiscovered": null,
    "BodyName": "Cephei Sector GG-Y c21 A",
    "BodyID": 1,
    "Commander": "ADDINATOR"
  }
}
2025-05-30 23:33:40,029 - INFO - {
  "type": "api_response",
  "success": true,
  "status_code": 201,
  "response_data": {
    "message": "Data processed and stored successfully",
    "path": "systems/5856154358474"
  }
}
2025-05-30 23:33:40,454 - INFO - {
  "commander_name": "ADDINATOR",
  "event_timestamp": "2025-05-30T23:33:39Z",
  "event_type": "StellarBodyScan",
  "system_address": 5856154358474,
  "body_id": 1,
  "data": {
    "BodyName": "Cephei Sector GG-Y c21 A",
    "BodyID": 1,
    "SystemAddress": 5856154358474,
    "DistanceFromArrivalLS": 0.0,
    "Commander": "ADDINATOR",
    "WasDiscovered": true,
    "WasMapped": false,
    "StarType": "G",
    "Subclass": 8,
    "StellarMass": 0.863281,
    "Radius": 604763200.0,
    "AbsoluteMagnitude": 5.52272,
    "Age_MY": 12879,
    "SurfaceTemperature": 5283.0,
    "Luminosity": "Vab",
    "RotationPeriod": 315643.600873,
    "AxialTilt": 0.0,
    "Parents": [
      {
        "Null": 0
      }
    ],
    "SemiMajorAxis": 4148607075214.3857,
    "Eccentricity": 0.081841,
    "OrbitalInclination": -51.273381,
    "Periapsis": 153.051982,
    "OrbitalPeriod": 14999422430.992126
  }
}
2025-05-30 23:33:41,042 - INFO - {
  "type": "api_response",
  "success": true,
  "status_code": 201,
  "response_data": {
    "message": "Data processed and stored successfully",
    "path": "systems/5856154358474/stars/1"
  }
}
2025-05-30 23:36:48,354 - INFO - {
  "commander_name": "ADDINATOR",
  "event_timestamp": "2025-05-30T23:36:46Z",
  "event_type": "SystemEntry",
  "system_address": 5364950911800,
  "data": {
    "SystemAddress": 5364950911800,
    "StarSystem": "Tascheter Sector BR-M a7-0",
    "StarPos": [
      -23.5625,
      -32.59375,
      -33.71875
    ],
    "WasDiscovered": null,
    "BodyName": "Tascheter Sector BR-M a7-0",
    "BodyID": 0,
    "Commander": "ADDINATOR"
  }
}
2025-05-30 23:36:49,320 - INFO - {
  "type": "api_response",
  "success": true,
  "status_code": 201,
  "response_data": {
    "message": "Data processed and stored successfully",
    "path": "systems/5364950911800"
  }
}
2025-05-30 23:36:53,025 - INFO - {
  "commander_name": "ADDINATOR",
  "event_timestamp": "2025-05-30T23:36:51Z",
  "event_type": "StellarBodyScan",
  "system_address": 5364950911800,
  "body_id": 0,
  "data": {
    "BodyName": "Tascheter Sector BR-M a7-0",
    "BodyID": 0,
    "SystemAddress": 5364950911800,
    "DistanceFromArrivalLS": 0.0,
    "Commander": "ADDINATOR",
    "WasDiscovered": true,
    "WasMapped": false,
    "StarType": "T",
    "Subclass": 7,
    "StellarMass": 0.050781,
    "Radius": 111431112.0,
    "AbsoluteMagnitude": 17.246964,
    "Age_MY": 498,
    "SurfaceTemperature": 828.0,
    "Luminosity": "V",
    "RotationPeriod": 57465.174287,
    "AxialTilt": 0.0
  }
}
2025-05-30 23:36:53,434 - INFO - {
  "type": "api_response",
  "success": true,
  "status_code": 201,
  "response_data": {
    "message": "Data processed and stored successfully",
    "path": "systems/5364950911800/stars/0"
  }
}
2025-05-30 23:37:55,376 - INFO - {
  "commander_name": "ADDINATOR",
  "event_timestamp": "2025-05-30T23:37:52Z",
  "event_type": "SystemEntry",
  "system_address": 7268560938393,
  "data": {
    "SystemAddress": 7268560938393,
    "StarSystem": "Hyades Sector RE-G b11-3",
    "StarPos": [
      52.46875,
      -52.5625,
      -25.125
    ],
    "WasDiscovered": null,
    "BodyName": "Hyades Sector RE-G b11-3",
    "BodyID": 0,
    "Commander": "ADDINATOR"
  }
}
2025-05-30 23:37:56,360 - INFO - {
  "type": "api_response",
  "success": true,
  "status_code": 201,
  "response_data": {
    "message": "Data processed and stored successfully",
    "path": "systems/7268560938393"
  }
}
2025-05-30 23:37:59,886 - INFO - {
  "commander_name": "ADDINATOR",
  "event_timestamp": "2025-05-30T23:37:58Z",
  "event_type": "AsteroidClusterScan",
  "system_address": 7268560938393,
  "body_id": 3,
  "data": {
    "BodyName": "Hyades Sector RE-G b11-3 A Belt Cluster 2",
    "BodyID": 3,
    "SystemAddress": 7268560938393,
    "DistanceFromArrivalLS": 3.554379,
    "Commander": "ADDINATOR",
    "WasDiscovered": true,
    "WasMapped": false,
    "Parents": [
      {
        "Ring": 1
      },
      {
        "Star": 0
      }
    ]
  }
}
2025-05-30 23:38:00,199 - INFO - {
  "commander_name": "ADDINATOR",
  "event_timestamp": "2025-05-30T23:37:58Z",
  "event_type": "StellarBodyScan",
  "system_address": 7268560938393,
  "body_id": 0,
  "data": {
    "BodyName": "Hyades Sector RE-G b11-3",
    "BodyID": 0,
    "SystemAddress": 7268560938393,
    "DistanceFromArrivalLS": 0.0,
    "Commander": "ADDINATOR",
    "WasDiscovered": true,
    "WasMapped": false,
    "StarType": "M",
    "Subclass": 7,
    "StellarMass": 0.242188,
    "Radius": 285093856.0,
    "AbsoluteMagnitude": 10.5047,
    "Age_MY": 12654,
    "SurfaceTemperature": 2444.0,
    "Luminosity": "Va",
    "RotationPeriod": 161015.015685,
    "AxialTilt": 0.0,
    "Rings": [
      {
        "Name": "Hyades Sector RE-G b11-3 A Belt",
        "RingClass": "eRingClass_Rocky",
        "MassMT": 45273000000000.0,
        "InnerRad": 517170000.0,
        "OuterRad": 1504100000.0
      }
    ]
  }
}
2025-05-30 23:38:00,319 - INFO - {
  "type": "api_response",
  "success": true,
  "status_code": 201,
  "response_data": {
    "message": "Data processed and stored successfully",
    "path": "systems/7268560938393/bodies/3"
  }
}
2025-05-30 23:38:00,461 - INFO - {
  "commander_name": "ADDINATOR",
  "event_timestamp": "2025-05-30T23:37:58Z",
  "event_type": "AsteroidClusterScan",
  "system_address": 7268560938393,
  "body_id": 2,
  "data": {
    "BodyName": "Hyades Sector RE-G b11-3 A Belt Cluster 1",
    "BodyID": 2,
    "SystemAddress": 7268560938393,
    "DistanceFromArrivalLS": 3.858246,
    "Commander": "ADDINATOR",
    "WasDiscovered": true,
    "WasMapped": false,
    "Parents": [
      {
        "Ring": 1
      },
      {
        "Star": 0
      }
    ]
  }
}
2025-05-30 23:38:00,731 - INFO - {
  "commander_name": "ADDINATOR",
  "event_timestamp": "2025-05-30T23:37:58Z",
  "event_type": "AsteroidClusterScan",
  "system_address": 7268560938393,
  "body_id": 4,
  "data": {
    "BodyName": "Hyades Sector RE-G b11-3 A Belt Cluster 3",
    "BodyID": 4,
    "SystemAddress": 7268560938393,
    "DistanceFromArrivalLS": 3.691785,
    "Commander": "ADDINATOR",
    "WasDiscovered": true,
    "WasMapped": false,
    "Parents": [
      {
        "Ring": 1
      },
      {
        "Star": 0
      }
    ]
  }
}
2025-05-30 23:38:00,827 - INFO - {
  "type": "api_response",
  "success": true,
  "status_code": 201,
  "response_data": {
    "message": "Data processed and stored successfully",
    "path": "systems/7268560938393/stars/0"
  }
}
2025-05-30 23:38:01,370 - INFO - {
  "type": "api_response",
  "success": true,
  "status_code": 201,
  "response_data": {
    "message": "Data processed and stored successfully",
    "path": "systems/7268560938393/bodies/2"
  }
}
2025-05-30 23:38:01,944 - INFO - {
  "type": "api_response",
  "success": true,
  "status_code": 201,
  "response_data": {
    "message": "Data processed and stored successfully",
    "path": "systems/7268560938393/bodies/4"
  }
}
2025-05-30 23:38:56,575 - INFO - {
  "commander_name": "ADDINATOR",
  "event_timestamp": "2025-05-30T23:38:54Z",
  "event_type": "SystemEntry",
  "system_address": 13866704381345,
  "data": {
    "SystemAddress": 13866704381345,
    "StarSystem": "ICZ YO-Z b6",
    "StarPos": [
      123.96875,
      -69.53125,
      -13.625
    ],
    "WasDiscovered": null,
    "BodyName": "ICZ YO-Z b6",
    "BodyID": 0,
    "Commander": "ADDINATOR"
  }
}
2025-05-30 23:38:57,529 - INFO - {
  "type": "api_response",
  "success": true,
  "status_code": 201,
  "response_data": {
    "message": "Data processed and stored successfully",
    "path": "systems/13866704381345"
  }
}
2025-05-30 23:39:01,182 - INFO - {
  "commander_name": "ADDINATOR",
  "event_timestamp": "2025-05-30T23:38:59Z",
  "event_type": "StellarBodyScan",
  "system_address": 13866704381345,
  "body_id": 0,
  "data": {
    "BodyName": "ICZ YO-Z b6",
    "BodyID": 0,
    "SystemAddress": 13866704381345,
    "DistanceFromArrivalLS": 0.0,
    "Commander": "ADDINATOR",
    "WasDiscovered": true,
    "WasMapped": false,
    "StarType": "M",
    "Subclass": 7,
    "StellarMass": 0.296875,
    "Radius": 330366720.0,
    "AbsoluteMagnitude": 10.175705,
    "Age_MY": 3074,
    "SurfaceTemperature": 2449.0,
    "Luminosity": "Va",
    "RotationPeriod": 136710.63031,
    "AxialTilt": 0.0
  }
}
2025-05-30 23:39:01,594 - INFO - {
  "type": "api_response",
  "success": true,
  "status_code": 201,
  "response_data": {
    "message": "Data processed and stored successfully",
    "path": "systems/13866704381345/stars/0"
  }
}
2025-05-30 23:40:33,470 - INFO - {
  "commander_name": "ADDINATOR",
  "event_timestamp": "2025-05-30T23:40:30Z",
  "event_type": "SystemEntry",
  "system_address": 7269634614689,
  "data": {
    "SystemAddress": 7269634614689,
    "StarSystem": "Siris",
    "StarPos": [
      131.0625,
      -73.59375,
      -11.25
    ],
    "WasDiscovered": null,
    "BodyName": "Siris",
    "BodyID": 0,
    "Commander": "ADDINATOR"
  }
}
2025-05-30 23:40:34,411 - INFO - {
  "type": "api_response",
  "success": true,
  "status_code": 201,
  "response_data": {
    "message": "Data processed and stored successfully",
    "path": "systems/7269634614689"
  }
}
2025-05-30 23:42:18,677 - INFO - {
  "commander_name": "ADDINATOR",
  "event_timestamp": "2025-05-30T23:42:16Z",
  "event_type": "AsteroidClusterScan",
  "system_address": 7269634614689,
  "body_id": 11,
  "data": {
    "BodyName": "Siris B Belt Cluster 4",
    "BodyID": 11,
    "SystemAddress": 7269634614689,
    "DistanceFromArrivalLS": 37.892552,
    "Commander": "ADDINATOR",
    "WasDiscovered": true,
    "WasMapped": false,
    "Parents": [
      {
        "Ring": 7
      },
      {
        "Star": 0
      }
    ]
  }
}
2025-05-30 23:42:19,080 - INFO - {
  "type": "api_response",
  "success": true,
  "status_code": 201,
  "response_data": {
    "message": "Data processed and stored successfully",
    "path": "systems/7269634614689/bodies/11"
  }
}
2025-05-30 23:44:07,464 - INFO - {
  "commander_name": "ADDINATOR",
  "event_timestamp": "2025-05-30T23:44:04Z",
  "event_type": "SAASignalsFoundEvent",
  "system_address": 7269634614689,
  "body_id": 40,
  "data": {
    "BodyName": "Siris 5 c",
    "BodyID": 40,
    "SystemAddress": 7269634614689,
    "Signals": [
      {
        "Type": "$SAA_SignalType_Biological;",
        "Type_Localised": "Biological",
        "Count": 2
      },
      {
        "Type": "$SAA_SignalType_Human;",
        "Type_Localised": "Human",
        "Count": 2
      }
    ],
    "Genuses": [
      {
        "Genus": "$Codex_Ent_Bacterial_Genus_Name;",
        "Genus_Localised": "Bacterium"
      },
      {
        "Genus": "$Codex_Ent_Fonticulus_Genus_Name;",
        "Genus_Localised": "Fonticulua"
      }
    ],
    "Commander": "ADDINATOR"
  }
}
2025-05-30 23:44:07,914 - INFO - {
  "type": "api_response",
  "success": true,
  "status_code": 201,
  "response_data": {
    "message": "Data processed and stored successfully",
    "path": "systems/7269634614689/bodies/40"
  }
}
2025-05-30 23:44:24,527 - INFO - {
  "commander_name": "ADDINATOR",
  "event_timestamp": "2025-05-30T23:44:21Z",
  "event_type": "SAASignalsFoundEvent",
  "system_address": 7269634614689,
  "body_id": 39,
  "data": {
    "BodyName": "Siris 5 b",
    "BodyID": 39,
    "SystemAddress": 7269634614689,
    "Signals": [
      {
        "Type": "$SAA_SignalType_Geological;",
        "Type_Localised": "Geological",
        "Count": 2
      }
    ],
    "Genuses": [],
    "Commander": "ADDINATOR"
  }
}
2025-05-30 23:44:25,095 - INFO - {
  "type": "api_response",
  "success": true,
  "status_code": 201,
  "response_data": {
    "message": "Data processed and stored successfully",
    "path": "systems/7269634614689/bodies/39"
  }
}
2025-05-30 23:44:26,569 - INFO - {
  "commander_name": "ADDINATOR",
  "event_timestamp": "2025-05-30T23:44:23Z",
  "event_type": "AsteroidClusterScan",
  "system_address": 7269634614689,
  "body_id": 8,
  "data": {
    "BodyName": "Siris B Belt Cluster 1",
    "BodyID": 8,
    "SystemAddress": 7269634614689,
    "DistanceFromArrivalLS": 472.757036,
    "Commander": "ADDINATOR",
    "WasDiscovered": true,
    "WasMapped": false,
    "Parents": [
      {
        "Ring": 7
      },
      {
        "Star": 0
      }
    ]
  }
}
2025-05-30 23:44:26,955 - INFO - {
  "type": "api_response",
  "success": true,
  "status_code": 201,
  "response_data": {
    "message": "Data processed and stored successfully",
    "path": "systems/7269634614689/bodies/8"
  }
}
2025-05-30 23:44:27,142 - INFO - {
  "commander_name": "ADDINATOR",
  "event_timestamp": "2025-05-30T23:44:23Z",
  "event_type": "AsteroidClusterScan",
  "system_address": 7269634614689,
  "body_id": 9,
  "data": {
    "BodyName": "Siris B Belt Cluster 2",
    "BodyID": 9,
    "SystemAddress": 7269634614689,
    "DistanceFromArrivalLS": 349.872134,
    "Commander": "ADDINATOR",
    "WasDiscovered": true,
    "WasMapped": false,
    "Parents": [
      {
        "Ring": 7
      },
      {
        "Star": 0
      }
    ]
  }
}
2025-05-30 23:44:27,548 - INFO - {
  "type": "api_response",
  "success": true,
  "status_code": 201,
  "response_data": {
    "message": "Data processed and stored successfully",
    "path": "systems/7269634614689/bodies/9"
  }
}
2025-05-30 23:44:27,820 - INFO - {
  "commander_name": "ADDINATOR",
  "event_timestamp": "2025-05-30T23:44:23Z",
  "event_type": "AsteroidClusterScan",
  "system_address": 7269634614689,
  "body_id": 10,
  "data": {
    "BodyName": "Siris B Belt Cluster 3",
    "BodyID": 10,
    "SystemAddress": 7269634614689,
    "DistanceFromArrivalLS": 418.851182,
    "Commander": "ADDINATOR",
    "WasDiscovered": true,
    "WasMapped": false,
    "Parents": [
      {
        "Ring": 7
      },
      {
        "Star": 0
      }
    ]
  }
}
2025-05-30 23:44:28,237 - INFO - {
  "type": "api_response",
  "success": true,
  "status_code": 201,
  "response_data": {
    "message": "Data processed and stored successfully",
    "path": "systems/7269634614689/bodies/10"
  }
}
2025-05-31 00:02:21,551 - INFO - {
  "commander_name": "ADDINATOR",
  "event_timestamp": "2025-05-31T00:02:18Z",
  "event_type": "SystemEntry",
  "system_address": 5373540715320,
  "data": {
    "SystemAddress": 5373540715320,
    "StarSystem": "Puppis Sector ZE-R a4-0",
    "StarPos": [
      59.3125,
      -41.59375,
      -25.3125
    ],
    "WasDiscovered": null,
    "BodyName": "Puppis Sector ZE-R a4-0",
    "BodyID": 0,
    "Commander": "ADDINATOR"
  }
}
2025-05-31 00:02:25,255 - INFO - {
  "type": "api_response",
  "success": true,
  "status_code": 201,
  "response_data": {
    "message": "Data processed and stored successfully",
    "path": "systems/5373540715320"
  }
}
2025-05-31 00:02:26,271 - INFO - {
  "commander_name": "ADDINATOR",
  "event_timestamp": "2025-05-31T00:02:24Z",
  "event_type": "StellarBodyScan",
  "system_address": 5373540715320,
  "body_id": 0,
  "data": {
    "BodyName": "Puppis Sector ZE-R a4-0",
    "BodyID": 0,
    "SystemAddress": 5373540715320,
    "DistanceFromArrivalLS": 0.0,
    "Commander": "ADDINATOR",
    "WasDiscovered": true,
    "WasMapped": false,
    "StarType": "Y",
    "Subclass": 4,
    "StellarMass": 0.015625,
    "Radius": 53890208.0,
    "AbsoluteMagnitude": 21.481506,
    "Age_MY": 2888,
    "SurfaceTemperature": 414.0,
    "Luminosity": "V",
    "RotationPeriod": 24150.120222,
    "AxialTilt": 0.0
  }
}
2025-05-31 00:02:26,676 - INFO - {
  "type": "api_response",
  "success": true,
  "status_code": 201,
  "response_data": {
    "message": "Data processed and stored successfully",
    "path": "systems/5373540715320/stars/0"
  }
}
2025-05-31 00:03:11,491 - INFO - {
  "commander_name": "ADDINATOR",
  "event_timestamp": "2025-05-31T00:03:08Z",
  "event_type": "SystemEntry",
  "system_address": 9466778953121,
  "data": {
    "SystemAddress": 9466778953121,
    "StarSystem": "LHS 6028",
    "StarPos": [
      -20.46875,
      -38.46875,
      -21.75
    ],
    "WasDiscovered": null,
    "BodyName": "LHS 6028 A",
    "BodyID": 1,
    "Commander": "ADDINATOR"
  }
}
2025-05-31 00:03:12,455 - INFO - {
  "type": "api_response",
  "success": true,
  "status_code": 201,
  "response_data": {
    "message": "Data processed and stored successfully",
    "path": "systems/9466778953121"
  }
}
2025-05-31 00:04:03,764 - INFO - {
  "commander_name": "ADDINATOR",
  "event_timestamp": "2025-05-31T00:04:00Z",
  "event_type": "SystemEntry",
  "system_address": 2832497382098,
  "data": {
    "SystemAddress": 2832497382098,
    "StarSystem": "BD+49 3937",
    "StarPos": [
      -93.15625,
      -13.09375,
      -22.84375
    ],
    "WasDiscovered": null,
    "BodyName": "BD+49 3937",
    "BodyID": 0,
    "Commander": "ADDINATOR"
  }
}
2025-05-31 00:04:04,716 - INFO - {
  "type": "api_response",
  "success": true,
  "status_code": 201,
  "response_data": {
    "message": "Data processed and stored successfully",
    "path": "systems/2832497382098"
  }
}
2025-05-31 00:05:04,108 - INFO - {
  "commander_name": "ADDINATOR",
  "event_timestamp": "2025-05-31T00:05:01Z",
  "event_type": "SystemEntry",
  "system_address": 2007863661258,
  "data": {
    "SystemAddress": 2007863661258,
    "StarSystem": "Midgard",
    "StarPos": [
      -98.1875,
      -11.46875,
      -26.75
    ],
    "WasDiscovered": null,
    "BodyName": "Midgard",
    "BodyID": 0,
    "Commander": "ADDINATOR"
  }
}
2025-05-31 00:05:05,215 - INFO - {
  "type": "api_response",
  "success": true,
  "status_code": 201,
  "response_data": {
    "message": "Data processed and stored successfully",
    "path": "systems/2007863661258"
  }
}
2025-05-31 01:07:28,893 - INFO - {
  "commander_name": "ADDINATOR",
  "event_timestamp": "2025-05-31T01:07:26Z",
  "event_type": "PlanetaryBodyScan",
  "system_address": 5067658765737,
  "body_id": 9,
  "data": {
    "BodyName": "Col 285 Sector IT-W b16-2 5",
    "BodyID": 9,
    "SystemAddress": 5067658765737,
    "DistanceFromArrivalLS": 1591.889838,
    "Commander": "ADDINATOR",
    "WasDiscovered": true,
    "WasMapped": true,
    "PlanetClass": "Icy body",
    "TerraformState": "",
    "AtmosphereType": "None",
    "AtmosphereComposition": [],
    "Volcanism": "",
    "MassEM": 0.171066,
    "Radius": 4508023.0,
    "SurfaceGravity": 3.355063,
    "SurfaceTemperature": 53.823593,
    "SurfacePressure": 1.37797,
    "Landable": true,
    "Materials": [
      {
        "Name": "sulphur",
        "Percent": 22.341578
      },
      {
        "Name": "carbon",
        "Percent": 18.786951
      },
      {
        "Name": "iron",
        "Percent": 15.388319
      },
      {
        "Name": "phosphorus",
        "Percent": 12.02773
      },
      {
        "Name": "nickel",
        "Percent": 11.63908
      },
      {
        "Name": "chromium",
        "Percent": 6.920639
      },
      {
        "Name": "manganese",
        "Percent": 6.355218
      },
      {
        "Name": "vanadium",
        "Percent": 3.778836
      },
      {
        "Name": "tin",
        "Percent": 0.997551
      },
      {
        "Name": "yttrium",
        "Percent": 0.919126
      },
      {
        "Name": "tungsten",
        "Percent": 0.844973
      }
    ],
    "Composition": {
      "Ice": 0.687352,
      "Rock": 0.210235,
      "Metal": 0.102413
    },
    "TidalLock": false,
    "Parents": [
      {
        "Star": 0
      }
    ],
    "SemiMajorAxis": 477975237369.53735,
    "Eccentricity": 0.001661,
    "OrbitalInclination": 0.36882,
    "Periapsis": 178.641207,
    "OrbitalPeriod": 285499918.460846,
    "RotationPeriod": 165888.432856,
    "AxialTilt": 0.110413
  }
}
2025-05-31 01:07:33,198 - INFO - {
  "type": "api_response",
  "success": true,
  "status_code": 201,
  "response_data": {
    "message": "Data processed and stored successfully",
    "path": "systems/5067658765737/bodies/9"
  }
}
2025-05-31 01:09:01,896 - INFO - {
  "commander_name": "ADDINATOR",
  "event_timestamp": "2025-05-31T01:08:59Z",
  "event_type": "SystemEntry",
  "system_address": 7266682021281,
  "data": {
    "SystemAddress": 7266682021281,
    "StarSystem": "Col 285 Sector EN-Y b15-3",
    "StarPos": [
      -95.15625,
      -12.90625,
      -17.5625
    ],
    "WasDiscovered": null,
    "BodyName": "Col 285 Sector EN-Y b15-3 A",
    "BodyID": 2,
    "Commander": "ADDINATOR"
  }
}
2025-05-31 01:09:02,860 - INFO - {
  "type": "api_response",
  "success": true,
  "status_code": 201,
  "response_data": {
    "message": "Data processed and stored successfully",
    "path": "systems/7266682021281"
  }
}
2025-05-31 01:09:07,675 - INFO - {
  "commander_name": "ADDINATOR",
  "event_timestamp": "2025-05-31T01:09:05Z",
  "event_type": "StellarBodyScan",
  "system_address": 7266682021281,
  "body_id": 2,
  "data": {
    "BodyName": "Col 285 Sector EN-Y b15-3 A",
    "BodyID": 2,
    "SystemAddress": 7266682021281,
    "DistanceFromArrivalLS": 0.0,
    "Commander": "ADDINATOR",
    "WasDiscovered": true,
    "WasMapped": false,
    "StarType": "M",
    "Subclass": 3,
    "StellarMass": 0.398438,
    "Radius": 385169600.0,
    "AbsoluteMagnitude": 8.90329,
    "Age_MY": 12358,
    "SurfaceTemperature": 3040.0,
    "Luminosity": "Va",
    "RotationPeriod": 187158.179137,
    "AxialTilt": 0.0,
    "Parents": [
      {
        "Null": 1
      },
      {
        "Null": 0
      }
    ],
    "SemiMajorAxis": 1778647899.627686,
    "Eccentricity": 0.159592,
    "OrbitalInclination": 9.415883,
    "Periapsis": 183.036468,
    "OrbitalPeriod": 404246.240854
  }
}
2025-05-31 01:09:07,742 - INFO - {
  "commander_name": "ADDINATOR",
  "event_timestamp": "2025-05-31T01:09:05Z",
  "event_type": "StellarBodyScan",
  "system_address": 7266682021281,
  "body_id": 3,
  "data": {
    "BodyName": "Col 285 Sector EN-Y b15-3 B",
    "BodyID": 3,
    "SystemAddress": 7266682021281,
    "DistanceFromArrivalLS": 24.863724,
    "Commander": "ADDINATOR",
    "WasDiscovered": true,
    "WasMapped": false,
    "StarType": "L",
    "Subclass": 2,
    "StellarMass": 0.144531,
    "Radius": 189602688.0,
    "AbsoluteMagnitude": 12.680832,
    "Age_MY": 12358,
    "SurfaceTemperature": 1816.0,
    "Luminosity": "V",
    "RotationPeriod": 76411.129734,
    "AxialTilt": 0.0,
    "Parents": [
      {
        "Null": 1
      },
      {
        "Null": 0
      }
    ],
    "SemiMajorAxis": 4903299808.502197,
    "Eccentricity": 0.159592,
    "OrbitalInclination": 9.415883,
    "Periapsis": 3.036473,
    "OrbitalPeriod": 404246.240854
  }
}
2025-05-31 01:09:08,081 - INFO - {
  "type": "api_response",
  "success": true,
  "status_code": 201,
  "response_data": {
    "message": "Data processed and stored successfully",
    "path": "systems/7266682021281/stars/2"
  }
}
2025-05-31 01:09:08,606 - INFO - {
  "type": "api_response",
  "success": true,
  "status_code": 201,
  "response_data": {
    "message": "Data processed and stored successfully",
    "path": "systems/7266682021281/stars/3"
  }
}
2025-05-31 01:10:34,357 - INFO - {
  "commander_name": "ADDINATOR",
  "event_timestamp": "2025-05-31T01:10:31Z",
  "event_type": "SystemEntry",
  "system_address": 2007863661258,
  "data": {
    "SystemAddress": 2007863661258,
    "StarSystem": "Midgard",
    "StarPos": [
      -98.1875,
      -11.46875,
      -26.75
    ],
    "WasDiscovered": null,
    "BodyName": "Midgard",
    "BodyID": 0,
    "Commander": "ADDINATOR"
  }
}
2025-05-31 01:10:35,363 - INFO - {
  "type": "api_response",
  "success": true,
  "status_code": 201,
  "response_data": {
    "message": "Data processed and stored successfully",
    "path": "systems/2007863661258"
  }
}
2025-05-31 11:14:11,532 - INFO - Payload logging initialized. Log file: C:\Users\arnar\AppData\Local\EDMarketConnector\plugins\Stellar-Analysis-Logger\Stellar-Analysis-Payloads.log
2025-05-31 11:28:41,985 - INFO - Payload logging initialized. Log file: C:\Users\arnar\AppData\Local\EDMarketConnector\plugins\Stellar-Analysis-Logger\Stellar-Analysis-Payloads.log
